<?xml version="1.0" encoding="UTF-8"?>
<testng-results ignored="0" total="1" passed="0" failed="1" skipped="0">
  <reporter-output>
  </reporter-output>
  <suite started-at="2023-01-18T22:53:35 IST" name="Default suite" finished-at="2023-01-18T22:54:05 IST" duration-ms="30488">
    <groups>
    </groups>
    <test started-at="2023-01-18T22:53:35 IST" name="Default test" finished-at="2023-01-18T22:54:05 IST" duration-ms="30488">
      <class name="Module_1.Velocity_6_August_Morning_A_Maven.Guru99_Insurance_TestClass">
        <test-method is-config="true" signature="OpenBrowser()[pri:0, instance:Module_1.Velocity_6_August_Morning_A_Maven.Guru99_Insurance_TestClass@5e0826e7]" started-at="2023-01-18T22:53:35 IST" name="OpenBrowser" finished-at="2023-01-18T22:53:46 IST" duration-ms="11264" status="PASS">
          <reporter-output>
          </reporter-output>
        </test-method> <!-- OpenBrowser -->
        <test-method is-config="true" signature="Login()[pri:0, instance:Module_1.Velocity_6_August_Morning_A_Maven.Guru99_Insurance_TestClass@5e0826e7]" started-at="2023-01-18T22:53:46 IST" name="Login" finished-at="2023-01-18T22:53:57 IST" duration-ms="10625" status="PASS">
          <reporter-output>
          </reporter-output>
        </test-method> <!-- Login -->
        <test-method signature="TC1()[pri:0, instance:Module_1.Velocity_6_August_Morning_A_Maven.Guru99_Insurance_TestClass@5e0826e7]" started-at="2023-01-18T22:53:57 IST" name="TC1" finished-at="2023-01-18T22:53:58 IST" duration-ms="1700" status="FAIL">
          <exception class="java.lang.AssertionError">
            <message>
              <![CDATA[expected [sourabhdeshpande08@rediffmail.com] but found [sourabhdeshpande08@gmail.com]]]>
            </message>
            <full-stacktrace>
              <![CDATA[java.lang.AssertionError: expected [sourabhdeshpande08@rediffmail.com] but found [sourabhdeshpande08@gmail.com]
at org.testng.Assert.fail(Assert.java:99)
at org.testng.Assert.failNotEquals(Assert.java:1037)
at org.testng.Assert.assertEqualsImpl(Assert.java:140)
at org.testng.Assert.assertEquals(Assert.java:122)
at org.testng.Assert.assertEquals(Assert.java:629)
at org.testng.Assert.assertEquals(Assert.java:639)
at Module_1.Velocity_6_August_Morning_A_Maven.Guru99_Insurance_TestClass.TC1(Guru99_Insurance_TestClass.java:69)
at java.base/jdk.internal.reflect.DirectMethodHandleAccessor.invoke(DirectMethodHandleAccessor.java:104)
at java.base/java.lang.reflect.Method.invoke(Method.java:577)
at org.testng.internal.MethodInvocationHelper.invokeMethod(MethodInvocationHelper.java:133)
at org.testng.internal.TestInvoker.invokeMethod(TestInvoker.java:598)
at org.testng.internal.TestInvoker.invokeTestMethod(TestInvoker.java:173)
at org.testng.internal.MethodRunner.runInSequence(MethodRunner.java:46)
at org.testng.internal.TestInvoker$MethodInvocationAgent.invoke(TestInvoker.java:824)
at org.testng.internal.TestInvoker.invokeTestMethods(TestInvoker.java:146)
at org.testng.internal.TestMethodWorker.invokeTestMethods(TestMethodWorker.java:146)
at org.testng.internal.TestMethodWorker.run(TestMethodWorker.java:128)
at java.base/java.util.ArrayList.forEach(ArrayList.java:1511)
at org.testng.TestRunner.privateRun(TestRunner.java:794)
at org.testng.TestRunner.run(TestRunner.java:596)
at org.testng.SuiteRunner.runTest(SuiteRunner.java:377)
at org.testng.SuiteRunner.runSequentially(SuiteRunner.java:371)
at org.testng.SuiteRunner.privateRun(SuiteRunner.java:332)
at org.testng.SuiteRunner.run(SuiteRunner.java:276)
at org.testng.SuiteRunnerWorker.runSuite(SuiteRunnerWorker.java:53)
at org.testng.SuiteRunnerWorker.run(SuiteRunnerWorker.java:96)
at org.testng.TestNG.runSuitesSequentially(TestNG.java:1212)
at org.testng.TestNG.runSuitesLocally(TestNG.java:1134)
at org.testng.TestNG.runSuites(TestNG.java:1063)
at org.testng.TestNG.run(TestNG.java:1031)
at org.testng.remote.AbstractRemoteTestNG.run(AbstractRemoteTestNG.java:115)
at org.testng.remote.RemoteTestNG.initAndRun(RemoteTestNG.java:251)
at org.testng.remote.RemoteTestNG.main(RemoteTestNG.java:77)
]]>
            </full-stacktrace>
          </exception> <!-- java.lang.AssertionError -->
          <reporter-output>
          </reporter-output>
        </test-method> <!-- TC1 -->
        <test-method is-config="true" signature="Logout(org.testng.ITestResult)[pri:0, instance:Module_1.Velocity_6_August_Morning_A_Maven.Guru99_Insurance_TestClass@5e0826e7]" started-at="2023-01-18T22:53:58 IST" name="Logout" finished-at="2023-01-18T22:54:04 IST" duration-ms="5888" status="PASS">
          <params>
            <param index="0">
              <value>
                <![CDATA[[TestResult name=TC1 status=FAILURE method=Guru99_Insurance_TestClass.TC1()[pri:0, instance:Module_1.Velocity_6_August_Morning_A_Maven.Guru99_Insurance_TestClass@5e0826e7] output={null}]]]>
              </value>
            </param>
          </params>
          <reporter-output>
          </reporter-output>
        </test-method> <!-- Logout -->
        <test-method is-config="true" signature="CloseBrowser()[pri:0, instance:Module_1.Velocity_6_August_Morning_A_Maven.Guru99_Insurance_TestClass@5e0826e7]" started-at="2023-01-18T22:54:04 IST" name="CloseBrowser" finished-at="2023-01-18T22:54:05 IST" duration-ms="839" status="PASS">
          <reporter-output>
          </reporter-output>
        </test-method> <!-- CloseBrowser -->
      </class> <!-- Module_1.Velocity_6_August_Morning_A_Maven.Guru99_Insurance_TestClass -->
    </test> <!-- Default test -->
  </suite> <!-- Default suite -->
</testng-results>
